/usr/bin/python3: can't open file '/home/schambach/Trashy/sende_fuellstand.py': [Errno 2] No such file or directory
/usr/bin/python3: can't open file '/home/schambach/Trashy/sende_fuellstand.py': [Errno 2] No such file or directory
/usr/bin/python3: can't open file '/home/schambach/Trashy/fuellstand_senden.py': [Errno 2] No such file or directory
Fehler beim Senden: Expecting value: line 1 column 1 (char 0)
Fehler beim Senden: Expecting value: line 1 column 1 (char 0)
Fehler beim Senden: Expecting value: line 1 column 1 (char 0)
Antwort: 400 {"error": "Fehlende Felder"}
Fehler beim Senden: HTTPConnectionPool(host='deinserver.ts.net', port=8000): Max retries exceeded with url: /api/fuellstand/ (Caused by NewConnectionError('<urllib3.connection.HTTPConnection object at 0x7fff33285c90>: Failed to establish a new connection: [Errno -2] Name or service not known'))
Antwort: 400 {"error": "Fehlende Felder"}
Antwort: 400 {"error": "Fehlende Felder"}
Antwort: 400 {"error": "Fehlende Felder"}
Antwort: 400 {"error": "Fehlende Felder"}
Antwort: 400 {"error": "Fehlende Felder"}
Antwort: 400 {"error": "Fehlende Felder"}
Antwort: 200 {"status": "aktualisiert", "daten": {"Restm\u00fcll": 0.0, "Plastik": 0.0, "Papier": 0.0, "Uneindeutig": 0.0}}
Antwort: 200 {"status": "aktualisiert", "daten": {"Restm\u00fcll": 0.0, "Plastik": 0.0, "Papier": 0.0, "Uneindeutig": 0.0}}
Antwort: 200 {"status": "aktualisiert", "daten": {"Restm\u00fcll": 0.0, "Plastik": 0.0, "Papier": 0.0, "Uneindeutig": 0.0}}
Antwort: 200 {"status": "aktualisiert", "daten": {"Restm\u00fcll": 0.0, "Plastik": 0.0, "Papier": 0.0, "Uneindeutig": 0.0}}
Antwort: 200 {"status": "aktualisiert", "daten": {"Restm\u00fcll": 0.0, "Plastik": 0.0, "Papier": 0.0, "Uneindeutig": 0.0}}
Antwort: 200 {"status": "aktualisiert", "daten": {"Restm\u00fcll": 0.0, "Plastik": 0.0, "Papier": 0.0, "Uneindeutig": 0.0}}
Antwort: 200 {"status": "aktualisiert", "daten": {"Restm\u00fcll": 0.0, "Plastik": 0.0, "Papier": 0.0, "Uneindeutig": 0.0}}
Antwort: 200 {"status": "aktualisiert", "daten": {"Restm\u00fcll": 0.0, "Plastik": 0.0, "Papier": 0.0, "Uneindeutig": 0.0}}
Antwort: 200 {"status": "aktualisiert", "daten": {"Restm\u00fcll": 0.0, "Plastik": 0.0, "Papier": 0.0, "Uneindeutig": 0.0}}
Antwort: 200 {"status": "aktualisiert", "daten": {"Restm\u00fcll": 0.0, "Plastik": 0.0, "Papier": 0.0, "Uneindeutig": 0.0}}
Antwort: 200 {"status": "aktualisiert", "daten": {"Restm\u00fcll": 0.0, "Plastik": 0.0, "Papier": 0.0, "Uneindeutig": 0.0}}
Antwort: 200 {"status": "aktualisiert", "daten": {"Restm\u00fcll": 0.0, "Plastik": 0.0, "Papier": 0.0, "Uneindeutig": 0.0}}
Antwort: 403 <!DOCTYPE html>
<html lang="en">
<head>
  <meta http-equiv="content-type" content="text/html; charset=utf-8">
  <meta name="robots" content="NONE,NOARCHIVE">
  <title>403 Forbidden</title>
  <style>
    html * { padding:0; margin:0; }
    body * { padding:10px 20px; }
    body * * { padding:0; }
    body { font-family: sans-serif; background:#eee; color:#000; }
    body>div { border-bottom:1px solid #ddd; }
    h1 { font-weight:normal; margin-bottom:.4em; }
    h1 span { font-size:60%; color:#666; font-weight:normal; }
    #info { background:#f6f6f6; }
    #info ul { margin: 0.5em 4em; }
    #info p, #summary p { padding-top:10px; }
    #summary { background: #ffc; }
    #explanation { background:#eee; border-bottom: 0px none; }
  </style>
</head>
<body>
<div id="summary">
  <h1>Forbidden <span>(403)</span></h1>
  <p>CSRF verification failed. Request aborted.</p>


  <p>You are seeing this message because this site requires a CSRF cookie when submitting forms. This cookie is required for security reasons, to ensure that your browser is not being hijacked by third parties.</p>
  <p>If you have configured your browser to disable cookies, please re-enable them, at least for this site, or for “same-origin” requests.</p>

</div>

<div id="info">
  <h2>Help</h2>
    
    <p>Reason given for failure:</p>
    <pre>
    CSRF cookie not set.
    </pre>
    

  <p>In general, this can occur when there is a genuine Cross Site Request Forgery, or when
  <a
  href="https://docs.djangoproject.com/en/5.2/ref/csrf/">Django’s
  CSRF mechanism</a> has not been used correctly.  For POST forms, you need to
  ensure:</p>

  <ul>
    <li>Your browser is accepting cookies.</li>

    <li>The view function passes a <code>request</code> to the template’s <a
    href="https://docs.djangoproject.com/en/5.2/topics/templates/#django.template.backends.base.Template.render"><code>render</code></a>
    method.</li>

    <li>In the template, there is a <code>{% csrf_token
    %}</code> template tag inside each POST form that
    targets an internal URL.</li>

    <li>If you are not using <code>CsrfViewMiddleware</code>, then you must use
    <code>csrf_protect</code> on any views that use the <code>csrf_token</code>
    template tag, as well as those that accept the POST data.</li>

    <li>The form has a valid CSRF token. After logging in in another browser
    tab or hitting the back button after a login, you may need to reload the
    page with the form, because the token is rotated after a login.</li>
  </ul>

  <p>You’re seeing the help section of this page because you have <code>DEBUG =
  True</code> in your Django settings file. Change that to <code>False</code>,
  and only the initial error message will be displayed.  </p>

  <p>You can customize this page using the CSRF_FAILURE_VIEW setting.</p>
</div>

</body>
</html>

Antwort: 200 {"status": "aktualisiert", "daten": {"Restm\u00fcll": 0.0, "Plastik": 0.0, "Papier": 0.0, "Uneindeutig": 0.0}}
Antwort: 200 {"status": "aktualisiert", "daten": {"Restm\u00fcll": 0.0, "Plastik": 0.0, "Papier": 68.1, "Uneindeutig": 0.0}}
Antwort: 200 {"status": "aktualisiert", "daten": {"Restm\u00fcll": 0.0, "Plastik": 0.0, "Papier": 68.1, "Uneindeutig": 0.0}}
Antwort: 200 {"status": "aktualisiert", "daten": {"Restm\u00fcll": 0.0, "Plastik": 0.0, "Papier": 68.1, "Uneindeutig": 0.0}}
Antwort: 200 {"status": "aktualisiert", "daten": {"Restm\u00fcll": 0.0, "Plastik": 0.0, "Papier": 68.1, "Uneindeutig": 0.0}}
Antwort: 200 {"status": "aktualisiert", "daten": {"Restm\u00fcll": 0.0, "Plastik": 0.0, "Papier": 68.1, "Uneindeutig": 0.0}}
Antwort: 200 {"status": "aktualisiert", "daten": {"Restm\u00fcll": 0.0, "Plastik": 0.0, "Papier": 68.1, "Uneindeutig": 0.0}}
